<?xml version="1.0" encoding="UTF-8"?>
<!-- Generated by org.testng.reporters.JUnitXMLReporter -->
<testsuite hostname="LAPTOP-BL99EMON" ignored="0" name="Test" tests="5" failures="0" timestamp="12 Sep 2021 08:11:31 GMT" time="8.979" errors="0">
  <testcase name="CountTest" time="5.406" classname="com.ae.test.SampleTest2"/>
  <testcase name="CountTest" time="5.406" classname="com.ae.test.SampleTest"/>
  <testcase name="verifyResponseCodeType" time="0.325" classname="com.ae.test.SampleTest2"/>
  <testcase name="verifyReponseData" time="1.767" classname="com.ae.test.SampleTest"/>
  <testcase name="verifyResponseCodeType" time="0.016" classname="com.ae.test.SampleTest"/>
</testsuite> <!-- Test -->
