<?xml version="1.0" encoding="UTF-8"?>
<testng-results skipped="0" failed="0" ignored="0" total="1" passed="1">
  <reporter-output>
  </reporter-output>
  <suite name="Default suite" duration-ms="5572" started-at="2021-09-14T12:44:21Z" finished-at="2021-09-14T12:44:27Z">
    <groups>
    </groups>
    <test name="Default test" duration-ms="5572" started-at="2021-09-14T12:44:21Z" finished-at="2021-09-14T12:44:27Z">
      <class name="com.ae.test.SampleTest2">
        <test-method status="PASS" signature="getresponsemap()[pri:0, instance:com.ae.test.SampleTest2@125a3ee]" name="getresponsemap" duration-ms="5482" started-at="2021-09-14T12:44:21Z" finished-at="2021-09-14T12:44:27Z">
          <reporter-output>
          </reporter-output>
        </test-method> <!-- getresponsemap -->
      </class> <!-- com.ae.test.SampleTest2 -->
    </test> <!-- Default test -->
  </suite> <!-- Default suite -->
</testng-results>
